<?xml version="1.0" encoding="UTF-8"?>
<!-- Generated by org.testng.reporters.JUnitReportReporter -->
<testsuite skipped="0" hostname="CBT-MH-000" name="Copy_PHP.Test_Case_3Test" tests="1" failures="0" timestamp="30 Oct 2019 06:33:15 GMT" time="8.739" errors="0">
  <testcase name="fightSearch" time="8.739" classname="Copy_PHP.Test_Case_3Test"/>
</testsuite> <!-- Copy_PHP.Test_Case_3Test -->
