<?xml version="1.0" encoding="UTF-8"?>
<!-- Generated by org.testng.reporters.JUnitReportReporter -->
<testsuite skipped="0" hostname="CBT-MH-000" name="Copy_PHP.Test_Case_1Test" tests="1" failures="0" timestamp="30 Oct 2019 06:33:15 GMT" time="2.512" errors="0">
  <testcase name="userRegistration" time="2.512" classname="Copy_PHP.Test_Case_1Test"/>
</testsuite> <!-- Copy_PHP.Test_Case_1Test -->
